2026-04-16 15:16:54,008 [INFO] blueprints.cot.routes: Verbose startup logging enabled.
2026-04-16 15:16:56,079 [INFO] blueprints.cot.routes: App starting - host: 0.0.0.0, port: 5000 (PORT=None, WEBSITES_PORT=None)
2026-04-16 15:16:56,220 [INFO] blueprints.cot.routes: Starting app initialization.
2026-04-16 15:16:56,222 [INFO] blueprints.cot.routes: Flask app initialization complete.
2026-04-16 15:16:56,222 [INFO] blueprints.cot.routes: Blueprint-aware startup: initializing COT and ProGrade blueprints.
2026-04-16 15:16:56,222 [WARNING] blueprints.cot.routes: ENTRA_SSO_ENABLED=true but Entra config is incomplete (or msal missing); Microsoft SSO is disabled.
2026-04-16 15:16:56,232 [INFO] blueprints.cot.routes: Database init starting.
2026-04-16 15:16:56,261 [INFO] blueprints.cot.routes: Database init complete.
2026-04-16 15:16:56,261 [INFO] blueprints.cot.routes: Ensuring default access profiles.
2026-04-16 15:16:56,267 [INFO] blueprints.cot.routes: Default access profiles ensured.
2026-04-16 15:16:56,268 [INFO] blueprints.cot.routes: Syncing access profile seed snapshot.
2026-04-16 15:16:56,277 [WARNING] blueprints.cot.routes: Unable to sync access profile seed snapshot at C:\Users\gabramowitz\OneDrive - Council Advisors\Documents\2. Firm Involvement\Second Project\AppDev-V2\data\seed\access_profiles.csv
2026-04-16 15:16:56,277 [INFO] blueprints.cot.routes: Access profile seed snapshot sync complete.
 * Serving Flask app 'blueprints.cot.routes'
 * Debug mode: on
2026-04-16 15:16:56,591 [INFO] werkzeug: [31m[1mWARNING: This is a development server. Do not use it in a production deployment. Use a production WSGI server instead.[0m
 * Running on http://127.0.0.1:5000
2026-04-16 15:16:56,591 [INFO] werkzeug: [33mPress CTRL+C to quit[0m
2026-04-16 15:16:56,595 [INFO] werkzeug:  * Restarting with stat
2026-04-16 15:16:56,854 [INFO] blueprints.cot.routes: Verbose startup logging enabled.
2026-04-16 15:16:58,757 [INFO] blueprints.cot.routes: App starting - host: 0.0.0.0, port: 5000 (PORT=None, WEBSITES_PORT=None)
2026-04-16 15:16:58,918 [INFO] blueprints.cot.routes: Starting app initialization.
2026-04-16 15:16:58,921 [INFO] blueprints.cot.routes: Flask app initialization complete.
2026-04-16 15:16:58,921 [INFO] blueprints.cot.routes: Blueprint-aware startup: initializing COT and ProGrade blueprints.
2026-04-16 15:16:58,922 [WARNING] blueprints.cot.routes: ENTRA_SSO_ENABLED=true but Entra config is incomplete (or msal missing); Microsoft SSO is disabled.
2026-04-16 15:16:58,935 [INFO] blueprints.cot.routes: Database init starting.
2026-04-16 15:16:58,966 [INFO] blueprints.cot.routes: Database init complete.
2026-04-16 15:16:58,967 [INFO] blueprints.cot.routes: Ensuring default access profiles.
2026-04-16 15:16:58,972 [INFO] blueprints.cot.routes: Default access profiles ensured.
2026-04-16 15:16:58,973 [INFO] blueprints.cot.routes: Syncing access profile seed snapshot.
2026-04-16 15:16:58,982 [WARNING] blueprints.cot.routes: Unable to sync access profile seed snapshot at C:\Users\gabramowitz\OneDrive - Council Advisors\Documents\2. Firm Involvement\Second Project\AppDev-V2\data\seed\access_profiles.csv
2026-04-16 15:16:58,983 [INFO] blueprints.cot.routes: Access profile seed snapshot sync complete.
2026-04-16 15:16:59,267 [WARNING] werkzeug:  * Debugger is active!
2026-04-16 15:16:59,277 [INFO] werkzeug:  * Debugger PIN: 144-967-316
