Traceback (most recent call last):
  File "C:\Users\gabramowitz\OneDrive - Council Advisors\Documents\2. Firm Involvement\Second Project\AppDev-V2\venv\Lib\site-packages\flask\app.py", line 2213, in __call__
    return self.wsgi_app(environ, start_response)
           ~~~~~~~~~~~~~^^^^^^^^^^^^^^^^^^^^^^^^^
  File "C:\Users\gabramowitz\OneDrive - Council Advisors\Documents\2. Firm Involvement\Second Project\AppDev-V2\venv\Lib\site-packages\flask\app.py", line 2193, in wsgi_app
    response = self.handle_exception(e)
  File "C:\Users\gabramowitz\OneDrive - Council Advisors\Documents\2. Firm Involvement\Second Project\AppDev-V2\venv\Lib\site-packages\flask\app.py", line 2190, in wsgi_app
    response = self.full_dispatch_request()
  File "C:\Users\gabramowitz\OneDrive - Council Advisors\Documents\2. Firm Involvement\Second Project\AppDev-V2\venv\Lib\site-packages\flask\app.py", line 1486, in full_dispatch_request
    rv = self.handle_user_exception(e)
  File "C:\Users\gabramowitz\OneDrive - Council Advisors\Documents\2. Firm Involvement\Second Project\AppDev-V2\venv\Lib\site-packages\flask\app.py", line 1484, in full_dispatch_request
    rv = self.dispatch_request()
  File "C:\Users\gabramowitz\OneDrive - Council Advisors\Documents\2. Firm Involvement\Second Project\AppDev-V2\venv\Lib\site-packages\flask\app.py", line 1469, in dispatch_request
    return self.ensure_sync(self.view_functions[rule.endpoint])(**view_args)
           ~~~~~~~~~~~~~~~~~~~~~~~~~~~~~~~~~~~~~~~~~~~~~~~~~~~~^^^^^^^^^^^^^
  File "C:\Users\gabramowitz\OneDrive - Council Advisors\Documents\2. Firm Involvement\Second Project\AppDev-V2\blueprints\prograde\routes.py", line 1370, in api_toggle_dump_door
    if _pj_render_deck_profile(sku) != "dump":
       ~~~~~~~~~~~~~~~~~~~~~~~^^^^^
  File "C:\Users\gabramowitz\OneDrive - Council Advisors\Documents\2. Firm Involvement\Second Project\AppDev-V2\blueprints\prograde\routes.py", line 481, in _pj_render_deck_profile
    category = str((sku or {}).get("pj_category") or "").strip().lower()
                   ^^^^^^^^^^^^^^^
AttributeError: 'sqlite3.Row' object has no attribute 'get'
Traceback (most recent call last):
  File "C:\Users\gabramowitz\OneDrive - Council Advisors\Documents\2. Firm Involvement\Second Project\AppDev-V2\venv\Lib\site-packages\flask\app.py", line 2213, in __call__
    return self.wsgi_app(environ, start_response)
           ~~~~~~~~~~~~~^^^^^^^^^^^^^^^^^^^^^^^^^
  File "C:\Users\gabramowitz\OneDrive - Council Advisors\Documents\2. Firm Involvement\Second Project\AppDev-V2\venv\Lib\site-packages\flask\app.py", line 2193, in wsgi_app
    response = self.handle_exception(e)
  File "C:\Users\gabramowitz\OneDrive - Council Advisors\Documents\2. Firm Involvement\Second Project\AppDev-V2\venv\Lib\site-packages\flask\app.py", line 2190, in wsgi_app
    response = self.full_dispatch_request()
  File "C:\Users\gabramowitz\OneDrive - Council Advisors\Documents\2. Firm Involvement\Second Project\AppDev-V2\venv\Lib\site-packages\flask\app.py", line 1486, in full_dispatch_request
    rv = self.handle_user_exception(e)
  File "C:\Users\gabramowitz\OneDrive - Council Advisors\Documents\2. Firm Involvement\Second Project\AppDev-V2\venv\Lib\site-packages\flask\app.py", line 1484, in full_dispatch_request
    rv = self.dispatch_request()
  File "C:\Users\gabramowitz\OneDrive - Council Advisors\Documents\2. Firm Involvement\Second Project\AppDev-V2\venv\Lib\site-packages\flask\app.py", line 1469, in dispatch_request
    return self.ensure_sync(self.view_functions[rule.endpoint])(**view_args)
           ~~~~~~~~~~~~~~~~~~~~~~~~~~~~~~~~~~~~~~~~~~~~~~~~~~~~^^^^^^^^^^^^^
  File "C:\Users\gabramowitz\OneDrive - Council Advisors\Documents\2. Firm Involvement\Second Project\AppDev-V2\blueprints\prograde\routes.py", line 1370, in api_toggle_dump_door
    if _pj_render_deck_profile(sku) != "dump":
       ~~~~~~~~~~~~~~~~~~~~~~~^^^^^
  File "C:\Users\gabramowitz\OneDrive - Council Advisors\Documents\2. Firm Involvement\Second Project\AppDev-V2\blueprints\prograde\routes.py", line 481, in _pj_render_deck_profile
    category = str((sku or {}).get("pj_category") or "").strip().lower()
                   ^^^^^^^^^^^^^^^
AttributeError: 'sqlite3.Row' object has no attribute 'get'
Traceback (most recent call last):
  File "C:\Users\gabramowitz\OneDrive - Council Advisors\Documents\2. Firm Involvement\Second Project\AppDev-V2\venv\Lib\site-packages\flask\app.py", line 2213, in __call__
    return self.wsgi_app(environ, start_response)
           ~~~~~~~~~~~~~^^^^^^^^^^^^^^^^^^^^^^^^^
  File "C:\Users\gabramowitz\OneDrive - Council Advisors\Documents\2. Firm Involvement\Second Project\AppDev-V2\venv\Lib\site-packages\flask\app.py", line 2193, in wsgi_app
    response = self.handle_exception(e)
  File "C:\Users\gabramowitz\OneDrive - Council Advisors\Documents\2. Firm Involvement\Second Project\AppDev-V2\venv\Lib\site-packages\flask\app.py", line 2190, in wsgi_app
    response = self.full_dispatch_request()
  File "C:\Users\gabramowitz\OneDrive - Council Advisors\Documents\2. Firm Involvement\Second Project\AppDev-V2\venv\Lib\site-packages\flask\app.py", line 1486, in full_dispatch_request
    rv = self.handle_user_exception(e)
  File "C:\Users\gabramowitz\OneDrive - Council Advisors\Documents\2. Firm Involvement\Second Project\AppDev-V2\venv\Lib\site-packages\flask\app.py", line 1484, in full_dispatch_request
    rv = self.dispatch_request()
  File "C:\Users\gabramowitz\OneDrive - Council Advisors\Documents\2. Firm Involvement\Second Project\AppDev-V2\venv\Lib\site-packages\flask\app.py", line 1469, in dispatch_request
    return self.ensure_sync(self.view_functions[rule.endpoint])(**view_args)
           ~~~~~~~~~~~~~~~~~~~~~~~~~~~~~~~~~~~~~~~~~~~~~~~~~~~~^^^^^^^^^^^^^
  File "C:\Users\gabramowitz\OneDrive - Council Advisors\Documents\2. Firm Involvement\Second Project\AppDev-V2\blueprints\prograde\routes.py", line 1370, in api_toggle_dump_door
    if _pj_render_deck_profile(sku) != "dump":
       ~~~~~~~~~~~~~~~~~~~~~~~^^^^^
  File "C:\Users\gabramowitz\OneDrive - Council Advisors\Documents\2. Firm Involvement\Second Project\AppDev-V2\blueprints\prograde\routes.py", line 481, in _pj_render_deck_profile
    category = str((sku or {}).get("pj_category") or "").strip().lower()
                   ^^^^^^^^^^^^^^^
AttributeError: 'sqlite3.Row' object has no attribute 'get'
Traceback (most recent call last):
  File "C:\Users\gabramowitz\OneDrive - Council Advisors\Documents\2. Firm Involvement\Second Project\AppDev-V2\venv\Lib\site-packages\flask\app.py", line 2213, in __call__
    return self.wsgi_app(environ, start_response)
           ~~~~~~~~~~~~~^^^^^^^^^^^^^^^^^^^^^^^^^
  File "C:\Users\gabramowitz\OneDrive - Council Advisors\Documents\2. Firm Involvement\Second Project\AppDev-V2\venv\Lib\site-packages\flask\app.py", line 2193, in wsgi_app
    response = self.handle_exception(e)
  File "C:\Users\gabramowitz\OneDrive - Council Advisors\Documents\2. Firm Involvement\Second Project\AppDev-V2\venv\Lib\site-packages\flask\app.py", line 2190, in wsgi_app
    response = self.full_dispatch_request()
  File "C:\Users\gabramowitz\OneDrive - Council Advisors\Documents\2. Firm Involvement\Second Project\AppDev-V2\venv\Lib\site-packages\flask\app.py", line 1486, in full_dispatch_request
    rv = self.handle_user_exception(e)
  File "C:\Users\gabramowitz\OneDrive - Council Advisors\Documents\2. Firm Involvement\Second Project\AppDev-V2\venv\Lib\site-packages\flask\app.py", line 1484, in full_dispatch_request
    rv = self.dispatch_request()
  File "C:\Users\gabramowitz\OneDrive - Council Advisors\Documents\2. Firm Involvement\Second Project\AppDev-V2\venv\Lib\site-packages\flask\app.py", line 1469, in dispatch_request
    return self.ensure_sync(self.view_functions[rule.endpoint])(**view_args)
           ~~~~~~~~~~~~~~~~~~~~~~~~~~~~~~~~~~~~~~~~~~~~~~~~~~~~^^^^^^^^^^^^^
  File "C:\Users\gabramowitz\OneDrive - Council Advisors\Documents\2. Firm Involvement\Second Project\AppDev-V2\blueprints\prograde\routes.py", line 1370, in api_toggle_dump_door
    if _pj_render_deck_profile(sku) != "dump":
       ~~~~~~~~~~~~~~~~~~~~~~~^^^^^
  File "C:\Users\gabramowitz\OneDrive - Council Advisors\Documents\2. Firm Involvement\Second Project\AppDev-V2\blueprints\prograde\routes.py", line 481, in _pj_render_deck_profile
    category = str((sku or {}).get("pj_category") or "").strip().lower()
                   ^^^^^^^^^^^^^^^
AttributeError: 'sqlite3.Row' object has no attribute 'get'
Traceback (most recent call last):
  File "C:\Users\gabramowitz\OneDrive - Council Advisors\Documents\2. Firm Involvement\Second Project\AppDev-V2\venv\Lib\site-packages\flask\app.py", line 2213, in __call__
    return self.wsgi_app(environ, start_response)
           ~~~~~~~~~~~~~^^^^^^^^^^^^^^^^^^^^^^^^^
  File "C:\Users\gabramowitz\OneDrive - Council Advisors\Documents\2. Firm Involvement\Second Project\AppDev-V2\venv\Lib\site-packages\flask\app.py", line 2193, in wsgi_app
    response = self.handle_exception(e)
  File "C:\Users\gabramowitz\OneDrive - Council Advisors\Documents\2. Firm Involvement\Second Project\AppDev-V2\venv\Lib\site-packages\flask\app.py", line 2190, in wsgi_app
    response = self.full_dispatch_request()
  File "C:\Users\gabramowitz\OneDrive - Council Advisors\Documents\2. Firm Involvement\Second Project\AppDev-V2\venv\Lib\site-packages\flask\app.py", line 1486, in full_dispatch_request
    rv = self.handle_user_exception(e)
  File "C:\Users\gabramowitz\OneDrive - Council Advisors\Documents\2. Firm Involvement\Second Project\AppDev-V2\venv\Lib\site-packages\flask\app.py", line 1484, in full_dispatch_request
    rv = self.dispatch_request()
  File "C:\Users\gabramowitz\OneDrive - Council Advisors\Documents\2. Firm Involvement\Second Project\AppDev-V2\venv\Lib\site-packages\flask\app.py", line 1469, in dispatch_request
    return self.ensure_sync(self.view_functions[rule.endpoint])(**view_args)
           ~~~~~~~~~~~~~~~~~~~~~~~~~~~~~~~~~~~~~~~~~~~~~~~~~~~~^^^^^^^^^^^^^
  File "C:\Users\gabramowitz\OneDrive - Council Advisors\Documents\2. Firm Involvement\Second Project\AppDev-V2\blueprints\prograde\routes.py", line 1370, in api_toggle_dump_door
    if _pj_render_deck_profile(sku) != "dump":
       ~~~~~~~~~~~~~~~~~~~~~~~^^^^^
  File "C:\Users\gabramowitz\OneDrive - Council Advisors\Documents\2. Firm Involvement\Second Project\AppDev-V2\blueprints\prograde\routes.py", line 481, in _pj_render_deck_profile
    category = str((sku or {}).get("pj_category") or "").strip().lower()
                   ^^^^^^^^^^^^^^^
AttributeError: 'sqlite3.Row' object has no attribute 'get'
Traceback (most recent call last):
  File "C:\Users\gabramowitz\OneDrive - Council Advisors\Documents\2. Firm Involvement\Second Project\AppDev-V2\venv\Lib\site-packages\flask\app.py", line 2213, in __call__
    return self.wsgi_app(environ, start_response)
           ~~~~~~~~~~~~~^^^^^^^^^^^^^^^^^^^^^^^^^
  File "C:\Users\gabramowitz\OneDrive - Council Advisors\Documents\2. Firm Involvement\Second Project\AppDev-V2\venv\Lib\site-packages\flask\app.py", line 2193, in wsgi_app
    response = self.handle_exception(e)
  File "C:\Users\gabramowitz\OneDrive - Council Advisors\Documents\2. Firm Involvement\Second Project\AppDev-V2\venv\Lib\site-packages\flask\app.py", line 2190, in wsgi_app
    response = self.full_dispatch_request()
  File "C:\Users\gabramowitz\OneDrive - Council Advisors\Documents\2. Firm Involvement\Second Project\AppDev-V2\venv\Lib\site-packages\flask\app.py", line 1486, in full_dispatch_request
    rv = self.handle_user_exception(e)
  File "C:\Users\gabramowitz\OneDrive - Council Advisors\Documents\2. Firm Involvement\Second Project\AppDev-V2\venv\Lib\site-packages\flask\app.py", line 1484, in full_dispatch_request
    rv = self.dispatch_request()
  File "C:\Users\gabramowitz\OneDrive - Council Advisors\Documents\2. Firm Involvement\Second Project\AppDev-V2\venv\Lib\site-packages\flask\app.py", line 1469, in dispatch_request
    return self.ensure_sync(self.view_functions[rule.endpoint])(**view_args)
           ~~~~~~~~~~~~~~~~~~~~~~~~~~~~~~~~~~~~~~~~~~~~~~~~~~~~^^^^^^^^^^^^^
  File "C:\Users\gabramowitz\OneDrive - Council Advisors\Documents\2. Firm Involvement\Second Project\AppDev-V2\blueprints\prograde\routes.py", line 1370, in api_toggle_dump_door
    if _pj_render_deck_profile(sku) != "dump":
       ~~~~~~~~~~~~~~~~~~~~~~~^^^^^
  File "C:\Users\gabramowitz\OneDrive - Council Advisors\Documents\2. Firm Involvement\Second Project\AppDev-V2\blueprints\prograde\routes.py", line 481, in _pj_render_deck_profile
    category = str((sku or {}).get("pj_category") or "").strip().lower()
                   ^^^^^^^^^^^^^^^
AttributeError: 'sqlite3.Row' object has no attribute 'get'
Traceback (most recent call last):
  File "C:\Users\gabramowitz\OneDrive - Council Advisors\Documents\2. Firm Involvement\Second Project\AppDev-V2\venv\Lib\site-packages\flask\app.py", line 2213, in __call__
    return self.wsgi_app(environ, start_response)
           ~~~~~~~~~~~~~^^^^^^^^^^^^^^^^^^^^^^^^^
  File "C:\Users\gabramowitz\OneDrive - Council Advisors\Documents\2. Firm Involvement\Second Project\AppDev-V2\venv\Lib\site-packages\flask\app.py", line 2193, in wsgi_app
    response = self.handle_exception(e)
  File "C:\Users\gabramowitz\OneDrive - Council Advisors\Documents\2. Firm Involvement\Second Project\AppDev-V2\venv\Lib\site-packages\flask\app.py", line 2190, in wsgi_app
    response = self.full_dispatch_request()
  File "C:\Users\gabramowitz\OneDrive - Council Advisors\Documents\2. Firm Involvement\Second Project\AppDev-V2\venv\Lib\site-packages\flask\app.py", line 1486, in full_dispatch_request
    rv = self.handle_user_exception(e)
  File "C:\Users\gabramowitz\OneDrive - Council Advisors\Documents\2. Firm Involvement\Second Project\AppDev-V2\venv\Lib\site-packages\flask\app.py", line 1484, in full_dispatch_request
    rv = self.dispatch_request()
  File "C:\Users\gabramowitz\OneDrive - Council Advisors\Documents\2. Firm Involvement\Second Project\AppDev-V2\venv\Lib\site-packages\flask\app.py", line 1469, in dispatch_request
    return self.ensure_sync(self.view_functions[rule.endpoint])(**view_args)
           ~~~~~~~~~~~~~~~~~~~~~~~~~~~~~~~~~~~~~~~~~~~~~~~~~~~~^^^^^^^^^^^^^
  File "C:\Users\gabramowitz\OneDrive - Council Advisors\Documents\2. Firm Involvement\Second Project\AppDev-V2\blueprints\prograde\routes.py", line 1370, in api_toggle_dump_door
    if _pj_render_deck_profile(sku) != "dump":
       ~~~~~~~~~~~~~~~~~~~~~~~^^^^^
  File "C:\Users\gabramowitz\OneDrive - Council Advisors\Documents\2. Firm Involvement\Second Project\AppDev-V2\blueprints\prograde\routes.py", line 481, in _pj_render_deck_profile
    category = str((sku or {}).get("pj_category") or "").strip().lower()
                   ^^^^^^^^^^^^^^^
AttributeError: 'sqlite3.Row' object has no attribute 'get'
Traceback (most recent call last):
  File "C:\Users\gabramowitz\OneDrive - Council Advisors\Documents\2. Firm Involvement\Second Project\AppDev-V2\venv\Lib\site-packages\flask\app.py", line 2213, in __call__
    return self.wsgi_app(environ, start_response)
           ~~~~~~~~~~~~~^^^^^^^^^^^^^^^^^^^^^^^^^
  File "C:\Users\gabramowitz\OneDrive - Council Advisors\Documents\2. Firm Involvement\Second Project\AppDev-V2\venv\Lib\site-packages\flask\app.py", line 2193, in wsgi_app
    response = self.handle_exception(e)
  File "C:\Users\gabramowitz\OneDrive - Council Advisors\Documents\2. Firm Involvement\Second Project\AppDev-V2\venv\Lib\site-packages\flask\app.py", line 2190, in wsgi_app
    response = self.full_dispatch_request()
  File "C:\Users\gabramowitz\OneDrive - Council Advisors\Documents\2. Firm Involvement\Second Project\AppDev-V2\venv\Lib\site-packages\flask\app.py", line 1486, in full_dispatch_request
    rv = self.handle_user_exception(e)
  File "C:\Users\gabramowitz\OneDrive - Council Advisors\Documents\2. Firm Involvement\Second Project\AppDev-V2\venv\Lib\site-packages\flask\app.py", line 1484, in full_dispatch_request
    rv = self.dispatch_request()
  File "C:\Users\gabramowitz\OneDrive - Council Advisors\Documents\2. Firm Involvement\Second Project\AppDev-V2\venv\Lib\site-packages\flask\app.py", line 1469, in dispatch_request
    return self.ensure_sync(self.view_functions[rule.endpoint])(**view_args)
           ~~~~~~~~~~~~~~~~~~~~~~~~~~~~~~~~~~~~~~~~~~~~~~~~~~~~^^^^^^^^^^^^^
  File "C:\Users\gabramowitz\OneDrive - Council Advisors\Documents\2. Firm Involvement\Second Project\AppDev-V2\blueprints\prograde\routes.py", line 1370, in api_toggle_dump_door
    if _pj_render_deck_profile(sku) != "dump":
       ~~~~~~~~~~~~~~~~~~~~~~~^^^^^
  File "C:\Users\gabramowitz\OneDrive - Council Advisors\Documents\2. Firm Involvement\Second Project\AppDev-V2\blueprints\prograde\routes.py", line 481, in _pj_render_deck_profile
    category = str((sku or {}).get("pj_category") or "").strip().lower()
                   ^^^^^^^^^^^^^^^
AttributeError: 'sqlite3.Row' object has no attribute 'get'
Traceback (most recent call last):
  File "C:\Users\gabramowitz\OneDrive - Council Advisors\Documents\2. Firm Involvement\Second Project\AppDev-V2\venv\Lib\site-packages\flask\app.py", line 2213, in __call__
    return self.wsgi_app(environ, start_response)
           ~~~~~~~~~~~~~^^^^^^^^^^^^^^^^^^^^^^^^^
  File "C:\Users\gabramowitz\OneDrive - Council Advisors\Documents\2. Firm Involvement\Second Project\AppDev-V2\venv\Lib\site-packages\flask\app.py", line 2193, in wsgi_app
    response = self.handle_exception(e)
  File "C:\Users\gabramowitz\OneDrive - Council Advisors\Documents\2. Firm Involvement\Second Project\AppDev-V2\venv\Lib\site-packages\flask\app.py", line 2190, in wsgi_app
    response = self.full_dispatch_request()
  File "C:\Users\gabramowitz\OneDrive - Council Advisors\Documents\2. Firm Involvement\Second Project\AppDev-V2\venv\Lib\site-packages\flask\app.py", line 1486, in full_dispatch_request
    rv = self.handle_user_exception(e)
  File "C:\Users\gabramowitz\OneDrive - Council Advisors\Documents\2. Firm Involvement\Second Project\AppDev-V2\venv\Lib\site-packages\flask\app.py", line 1484, in full_dispatch_request
    rv = self.dispatch_request()
  File "C:\Users\gabramowitz\OneDrive - Council Advisors\Documents\2. Firm Involvement\Second Project\AppDev-V2\venv\Lib\site-packages\flask\app.py", line 1469, in dispatch_request
    return self.ensure_sync(self.view_functions[rule.endpoint])(**view_args)
           ~~~~~~~~~~~~~~~~~~~~~~~~~~~~~~~~~~~~~~~~~~~~~~~~~~~~^^^^^^^^^^^^^
  File "C:\Users\gabramowitz\OneDrive - Council Advisors\Documents\2. Firm Involvement\Second Project\AppDev-V2\blueprints\prograde\routes.py", line 1370, in api_toggle_dump_door
    if _pj_render_deck_profile(sku) != "dump":
       ~~~~~~~~~~~~~~~~~~~~~~~^^^^^
  File "C:\Users\gabramowitz\OneDrive - Council Advisors\Documents\2. Firm Involvement\Second Project\AppDev-V2\blueprints\prograde\routes.py", line 481, in _pj_render_deck_profile
    category = str((sku or {}).get("pj_category") or "").strip().lower()
                   ^^^^^^^^^^^^^^^
AttributeError: 'sqlite3.Row' object has no attribute 'get'
